================================================================
Program: CD-HIT, V4.7, Dec 04 2017, 17:56:59
Command: ./cd-hit -i
         ../../results/2017-12-04/trinbhd-nodC-mf.fa -o
         ../../results/2017-12-04/trinbhd-nodC-mf-out -c 1.0 -n
         5 -d 0 -M 16000

Started: Mon Dec  4 18:19:40 2017
================================================================
                            Output                              
----------------------------------------------------------------
total seq: 138
longest and shortest : 384 and 381
Total letters: 52849
Sequences have been sorted

Approximated minimal memory consumption:
Sequence        : 0M
Buffer          : 1 X 10M = 10M
Table           : 1 X 65M = 65M
Miscellaneous   : 0M
Total           : 75M

Table limit with the given memory limit:
Max number of representatives: 4000000
Max number of word counting entries: 1990500648

comparing sequences from          0  to        138

      138  finished         10  clusters

Apprixmated maximum memory consumption: 76M
writing new database
writing clustering information
program completed !

Total CPU time 0.16
